{
  "stats": {
    "suites": 1,
    "tests": 5,
    "passes": 5,
    "pending": 0,
    "failures": 0,
    "start": "2024-05-07T10:53:20.204Z",
    "end": "2024-05-07T10:53:30.194Z",
    "duration": 9990,
    "testsRegistered": 5,
    "passPercent": 100,
    "pendingPercent": 0,
    "other": 0,
    "hasOther": false,
    "skipped": 0,
    "hasSkipped": false
  },
  "results": [
    {
      "uuid": "5d29ae79-892a-4357-80d4-f7c7d866b15c",
      "title": "",
      "fullFile": "cypress/e2e/tests/login.cy.js",
      "file": "cypress/e2e/tests/login.cy.js",
      "beforeHooks": [],
      "afterHooks": [],
      "tests": [],
      "suites": [
        {
          "uuid": "6d802580-9535-418b-a6a8-4b863de03d54",
          "title": "Login-related-tests",
          "fullFile": "",
          "file": "",
          "beforeHooks": [],
          "afterHooks": [],
          "tests": [
            {
              "title": "Login to the Application as standard_user",
              "fullTitle": "Login-related-tests Login to the Application as standard_user",
              "timedOut": null,
              "duration": 1858,
              "state": "passed",
              "speed": "fast",
              "pass": true,
              "fail": false,
              "pending": false,
              "context": null,
              "code": "cy.fixture(\"data.json\").then(details => {\n  _loginActionsCy.default.loginWithUserCredentials(details.standard_user, details.password);\n});\ncy.get(loginSelectors.menu).click();\ncy.contains('Logout');",
              "err": {},
              "uuid": "bcdc29a1-ce9b-4676-a5df-cf74015e5899",
              "parentUUID": "6d802580-9535-418b-a6a8-4b863de03d54",
              "isHook": false,
              "skipped": false
            },
            {
              "title": "Login to the Application as problem_user",
              "fullTitle": "Login-related-tests Login to the Application as problem_user",
              "timedOut": null,
              "duration": 867,
              "state": "passed",
              "speed": "fast",
              "pass": true,
              "fail": false,
              "pending": false,
              "context": null,
              "code": "cy.fixture(\"data.json\").then(details => {\n  _loginActionsCy.default.loginWithUserCredentials(details.problem_user, details.password);\n});\ncy.get(loginSelectors.menu).click();\ncy.contains('Logout');",
              "err": {},
              "uuid": "2cbd8204-144b-408b-adb3-0b811fc5c18b",
              "parentUUID": "6d802580-9535-418b-a6a8-4b863de03d54",
              "isHook": false,
              "skipped": false
            },
            {
              "title": "Login to the Application as performance_glitch_user, gave extra waiting of 1 minute",
              "fullTitle": "Login-related-tests Login to the Application as performance_glitch_user, gave extra waiting of 1 minute",
              "timedOut": null,
              "duration": 5851,
              "state": "passed",
              "speed": "medium",
              "pass": true,
              "fail": false,
              "pending": false,
              "context": null,
              "code": "cy.fixture(\"data.json\").then(details => {\n  _loginActionsCy.default.loginWithUserCredentials(details.performance_glitch_user, details.password);\n});\ncy.get(loginSelectors.menu, {\n  timeout: 60000\n}).should('be.visible').click();\n// cy.get(loginSelectors.menu).click();\ncy.contains('Logout');",
              "err": {},
              "uuid": "cef719cf-5fb2-45e2-855b-a3c5508ffff8",
              "parentUUID": "6d802580-9535-418b-a6a8-4b863de03d54",
              "isHook": false,
              "skipped": false
            },
            {
              "title": "Incorrect Login credentials used for login",
              "fullTitle": "Login-related-tests Incorrect Login credentials used for login",
              "timedOut": null,
              "duration": 630,
              "state": "passed",
              "speed": "fast",
              "pass": true,
              "fail": false,
              "pending": false,
              "context": null,
              "code": "cy.fixture(\"data.json\").then(details => {\n  _loginActionsCy.default.loginWithUserCredentials(details.standard_user, details.incorrect_password);\n});\ncy.get(loginSelectors.loginError).should('have.text', \"Epic sadface: Username and password do not match any user in this service\");",
              "err": {},
              "uuid": "88658b45-1f63-4c79-8e29-781809d0c6a6",
              "parentUUID": "6d802580-9535-418b-a6a8-4b863de03d54",
              "isHook": false,
              "skipped": false
            },
            {
              "title": "locked_out_user error whilst logging",
              "fullTitle": "Login-related-tests locked_out_user error whilst logging",
              "timedOut": null,
              "duration": 685,
              "state": "passed",
              "speed": "fast",
              "pass": true,
              "fail": false,
              "pending": false,
              "context": null,
              "code": "cy.fixture(\"data.json\").then(details => {\n  _loginActionsCy.default.loginWithUserCredentials(details.locked_out_user, details.password);\n});\ncy.get(loginSelectors.loginError).should('have.text', \"Epic sadface: Sorry, this user has been locked out.\");",
              "err": {},
              "uuid": "f5c45459-c5ca-4917-bc05-0bf2a84c61ca",
              "parentUUID": "6d802580-9535-418b-a6a8-4b863de03d54",
              "isHook": false,
              "skipped": false
            }
          ],
          "suites": [],
          "passes": [
            "bcdc29a1-ce9b-4676-a5df-cf74015e5899",
            "2cbd8204-144b-408b-adb3-0b811fc5c18b",
            "cef719cf-5fb2-45e2-855b-a3c5508ffff8",
            "88658b45-1f63-4c79-8e29-781809d0c6a6",
            "f5c45459-c5ca-4917-bc05-0bf2a84c61ca"
          ],
          "failures": [],
          "pending": [],
          "skipped": [],
          "duration": 9891,
          "root": false,
          "rootEmpty": false,
          "_timeout": 2000
        }
      ],
      "passes": [],
      "failures": [],
      "pending": [],
      "skipped": [],
      "duration": 0,
      "root": true,
      "rootEmpty": true,
      "_timeout": 2000
    }
  ],
  "meta": {
    "mocha": {
      "version": "7.0.1"
    },
    "mochawesome": {
      "options": {
        "quiet": false,
        "reportFilename": "mochawesome",
        "saveHtml": false,
        "saveJson": true,
        "consoleReporter": "spec",
        "useInlineDiffs": false
      },
      "version": "4.1.0"
    },
    "marge": {
      "options": {
        "id": "default",
        "reportDir": "cypress/reports/mocha",
        "quite": true,
        "overwrite": false,
        "html": false,
        "json": true
      },
      "version": "4.1.0"
    }
  }
}