{
  "stats": {
    "suites": 2,
    "tests": 11,
    "passes": 11,
    "pending": 0,
    "failures": 0,
    "testsRegistered": 11,
    "passPercent": 100,
    "pendingPercent": 0,
    "other": 0,
    "hasOther": false,
    "skipped": 0,
    "hasSkipped": false,
    "start": "2024-05-07T10:53:20.204Z",
    "end": "2024-05-07T10:53:41.916Z",
    "duration": 21712
  },
  "results": [
    {
      "uuid": "5d29ae79-892a-4357-80d4-f7c7d866b15c",
      "title": "",
      "fullFile": "cypress/e2e/tests/login.cy.js",
      "file": "cypress/e2e/tests/login.cy.js",
      "beforeHooks": [],
      "afterHooks": [],
      "tests": [],
      "suites": [
        {
          "uuid": "6d802580-9535-418b-a6a8-4b863de03d54",
          "title": "Login-related-tests",
          "fullFile": "",
          "file": "",
          "beforeHooks": [],
          "afterHooks": [],
          "tests": [
            {
              "title": "Login to the Application as standard_user",
              "fullTitle": "Login-related-tests Login to the Application as standard_user",
              "timedOut": null,
              "duration": 1858,
              "state": "passed",
              "speed": "fast",
              "pass": true,
              "fail": false,
              "pending": false,
              "context": null,
              "code": "cy.fixture(\"data.json\").then(details => {\n  _loginActionsCy.default.loginWithUserCredentials(details.standard_user, details.password);\n});\ncy.get(loginSelectors.menu).click();\ncy.contains('Logout');",
              "err": {},
              "uuid": "bcdc29a1-ce9b-4676-a5df-cf74015e5899",
              "parentUUID": "6d802580-9535-418b-a6a8-4b863de03d54",
              "isHook": false,
              "skipped": false
            },
            {
              "title": "Login to the Application as problem_user",
              "fullTitle": "Login-related-tests Login to the Application as problem_user",
              "timedOut": null,
              "duration": 867,
              "state": "passed",
              "speed": "fast",
              "pass": true,
              "fail": false,
              "pending": false,
              "context": null,
              "code": "cy.fixture(\"data.json\").then(details => {\n  _loginActionsCy.default.loginWithUserCredentials(details.problem_user, details.password);\n});\ncy.get(loginSelectors.menu).click();\ncy.contains('Logout');",
              "err": {},
              "uuid": "2cbd8204-144b-408b-adb3-0b811fc5c18b",
              "parentUUID": "6d802580-9535-418b-a6a8-4b863de03d54",
              "isHook": false,
              "skipped": false
            },
            {
              "title": "Login to the Application as performance_glitch_user, gave extra waiting of 1 minute",
              "fullTitle": "Login-related-tests Login to the Application as performance_glitch_user, gave extra waiting of 1 minute",
              "timedOut": null,
              "duration": 5851,
              "state": "passed",
              "speed": "medium",
              "pass": true,
              "fail": false,
              "pending": false,
              "context": null,
              "code": "cy.fixture(\"data.json\").then(details => {\n  _loginActionsCy.default.loginWithUserCredentials(details.performance_glitch_user, details.password);\n});\ncy.get(loginSelectors.menu, {\n  timeout: 60000\n}).should('be.visible').click();\n// cy.get(loginSelectors.menu).click();\ncy.contains('Logout');",
              "err": {},
              "uuid": "cef719cf-5fb2-45e2-855b-a3c5508ffff8",
              "parentUUID": "6d802580-9535-418b-a6a8-4b863de03d54",
              "isHook": false,
              "skipped": false
            },
            {
              "title": "Incorrect Login credentials used for login",
              "fullTitle": "Login-related-tests Incorrect Login credentials used for login",
              "timedOut": null,
              "duration": 630,
              "state": "passed",
              "speed": "fast",
              "pass": true,
              "fail": false,
              "pending": false,
              "context": null,
              "code": "cy.fixture(\"data.json\").then(details => {\n  _loginActionsCy.default.loginWithUserCredentials(details.standard_user, details.incorrect_password);\n});\ncy.get(loginSelectors.loginError).should('have.text', \"Epic sadface: Username and password do not match any user in this service\");",
              "err": {},
              "uuid": "88658b45-1f63-4c79-8e29-781809d0c6a6",
              "parentUUID": "6d802580-9535-418b-a6a8-4b863de03d54",
              "isHook": false,
              "skipped": false
            },
            {
              "title": "locked_out_user error whilst logging",
              "fullTitle": "Login-related-tests locked_out_user error whilst logging",
              "timedOut": null,
              "duration": 685,
              "state": "passed",
              "speed": "fast",
              "pass": true,
              "fail": false,
              "pending": false,
              "context": null,
              "code": "cy.fixture(\"data.json\").then(details => {\n  _loginActionsCy.default.loginWithUserCredentials(details.locked_out_user, details.password);\n});\ncy.get(loginSelectors.loginError).should('have.text', \"Epic sadface: Sorry, this user has been locked out.\");",
              "err": {},
              "uuid": "f5c45459-c5ca-4917-bc05-0bf2a84c61ca",
              "parentUUID": "6d802580-9535-418b-a6a8-4b863de03d54",
              "isHook": false,
              "skipped": false
            }
          ],
          "suites": [],
          "passes": [
            "bcdc29a1-ce9b-4676-a5df-cf74015e5899",
            "2cbd8204-144b-408b-adb3-0b811fc5c18b",
            "cef719cf-5fb2-45e2-855b-a3c5508ffff8",
            "88658b45-1f63-4c79-8e29-781809d0c6a6",
            "f5c45459-c5ca-4917-bc05-0bf2a84c61ca"
          ],
          "failures": [],
          "pending": [],
          "skipped": [],
          "duration": 9891,
          "root": false,
          "rootEmpty": false,
          "_timeout": 2000
        }
      ],
      "passes": [],
      "failures": [],
      "pending": [],
      "skipped": [],
      "duration": 0,
      "root": true,
      "rootEmpty": true,
      "_timeout": 2000
    },
    {
      "uuid": "55e42043-1faf-46d1-8fc5-76d2dd005508",
      "title": "",
      "fullFile": "cypress/e2e/tests/products.cy.js",
      "file": "cypress/e2e/tests/products.cy.js",
      "beforeHooks": [],
      "afterHooks": [],
      "tests": [],
      "suites": [
        {
          "uuid": "0c103188-75bf-4d6f-9807-605167c13e79",
          "title": "Products, Purchase and Checkout",
          "fullFile": "",
          "file": "",
          "beforeHooks": [],
          "afterHooks": [],
          "tests": [
            {
              "title": "Presence of all the 6 products on products page",
              "fullTitle": "Products, Purchase and Checkout Presence of all the 6 products on products page",
              "timedOut": null,
              "duration": 1077,
              "state": "passed",
              "speed": "fast",
              "pass": true,
              "fail": false,
              "pending": false,
              "context": null,
              "code": "cy.contains(\"Products\");\ncy.get(product.productLocator.productName).should('have.length', 6);\ncy.get(product.productLocator.productName).each((element, index) => {\n  expect(listOfProducts).includes(element.text());\n});",
              "err": {},
              "uuid": "85ac5b53-2f74-436f-958b-448aada84d67",
              "parentUUID": "0c103188-75bf-4d6f-9807-605167c13e79",
              "isHook": false,
              "skipped": false
            },
            {
              "title": "Assert products, prices and the related text on each item",
              "fullTitle": "Products, Purchase and Checkout Assert products, prices and the related text on each item",
              "timedOut": null,
              "duration": 653,
              "state": "passed",
              "speed": "fast",
              "pass": true,
              "fail": false,
              "pending": false,
              "context": null,
              "code": "cy.get(product.productLocator.productList).invoke('text').then(text => {\n  expect(text).to.include(`${listOfProducts[5]}carry.allTheThings() with the sleek, streamlined Sly Pack that melds uncompromising style with unequaled laptop and tablet protection.${priceOfProducts[0]}ADD TO CART`);\n  expect(text).to.include(`${listOfProducts[4]}A red light isn't the desired state in testing but it sure helps when riding your bike at night. Water-resistant with 3 lighting modes, 1 AAA battery included.${priceOfProducts[1]}ADD TO CART`);\n  expect(text).to.include(`${listOfProducts[3]}Get your testing superhero on with the Sauce Labs bolt T-shirt. From American Apparel, 100% ringspun combed cotton, heather gray with red bolt.${priceOfProducts[2]}ADD TO CART`);\n  expect(text).to.include(`${listOfProducts[2]}It's not every day that you come across a midweight quarter-zip fleece jacket capable of handling everything from a relaxing day outdoors to a busy day at the office.${priceOfProducts[3]}ADD TO CART`);\n  expect(text).to.include(`${listOfProducts[1]}Rib snap infant onesie for the junior automation engineer in development. Reinforced 3-snap bottom closure, two-needle hemmed sleeved and bottom won't unravel.${priceOfProducts[4]}ADD TO CART`);\n  expect(text).to.include(`${listOfProducts[0]}This classic Sauce Labs t-shirt is perfect to wear when cozying up to your keyboard to automate a few tests. Super-soft and comfy ringspun combed cotton.${priceOfProducts[5]}ADD TO CART`);\n});",
              "err": {},
              "uuid": "67c1cd3c-0bd8-4e59-aa37-70b1c5d5829e",
              "parentUUID": "0c103188-75bf-4d6f-9807-605167c13e79",
              "isHook": false,
              "skipped": false
            },
            {
              "title": "Purchase one item, review that item and do a complete checkout",
              "fullTitle": "Products, Purchase and Checkout Purchase one item, review that item and do a complete checkout",
              "timedOut": null,
              "duration": 2383,
              "state": "passed",
              "speed": "fast",
              "pass": true,
              "fail": false,
              "pending": false,
              "context": null,
              "code": "_productActionsCy.default.orderItem(listOfProducts[4]);\ncy.get(product.productLocator.addToCart).click();\n_productActionsCy.default.checkout();\n_productActionsCy.default.completeCheckoutDetails();\ncy.contains(listOfProducts[4]);\n_productActionsCy.default.completeThePurchase();\ncy.get(product.productLocator.orderConfirmation).invoke('text').then(text => {\n  expect(text).to.contain(\"THANK YOU FOR YOUR ORDER\");\n});",
              "err": {},
              "uuid": "9be3e6c9-dd59-4102-b6a3-c09e0077b001",
              "parentUUID": "0c103188-75bf-4d6f-9807-605167c13e79",
              "isHook": false,
              "skipped": false
            },
            {
              "title": "Purchase few items, review them and do a complete checkout",
              "fullTitle": "Products, Purchase and Checkout Purchase few items, review them and do a complete checkout",
              "timedOut": null,
              "duration": 1810,
              "state": "passed",
              "speed": "fast",
              "pass": true,
              "fail": false,
              "pending": false,
              "context": null,
              "code": "cy.get(product.productLocator.productList).find(product.productLocator.productItem).each($el => {\n  const productName = $el.find(product.productLocator.productName).text();\n  if (productName.includes(listOfProducts[0])) {\n    cy.wrap($el).find(product.productLocator.addToCart).click();\n  }\n  if (productName.includes(listOfProducts[1])) {\n    cy.wrap($el).find(product.productLocator.addToCart).click();\n  }\n  if (productName.includes(listOfProducts[5])) {\n    cy.wrap($el).find(product.productLocator.addToCart).click();\n  }\n});\n_productActionsCy.default.checkout();\n_productActionsCy.default.completeCheckoutDetails();\ncy.contains(listOfProducts[0]);\ncy.contains(listOfProducts[1]);\ncy.contains(listOfProducts[5]);\n_productActionsCy.default.completeThePurchase();\ncy.get(product.productLocator.orderConfirmation).invoke('text').then(text => {\n  expect(text).to.contain(\"THANK YOU FOR YOUR ORDER\");\n});",
              "err": {},
              "uuid": "4103f272-91ea-4084-b87f-b0d6ea5a94e5",
              "parentUUID": "0c103188-75bf-4d6f-9807-605167c13e79",
              "isHook": false,
              "skipped": false
            },
            {
              "title": "Add few items to the cart, review them, remove one item from thecart and then do a checkout",
              "fullTitle": "Products, Purchase and Checkout Add few items to the cart, review them, remove one item from thecart and then do a checkout",
              "timedOut": null,
              "duration": 1943,
              "state": "passed",
              "speed": "fast",
              "pass": true,
              "fail": false,
              "pending": false,
              "context": null,
              "code": "cy.get(product.productLocator.productList).find(product.productLocator.productItem).each(($el, index, list) => {\n  const productName = $el.find(product.productLocator.productName).text();\n  if (productName.includes(listOfProducts[4])) {\n    cy.wrap($el).find(product.productLocator.addToCart).click();\n  }\n  if (productName.includes(listOfProducts[1])) {\n    cy.wrap($el).find(product.productLocator.addToCart).click();\n  }\n  if (productName.includes(listOfProducts[5])) {\n    cy.wrap($el).find(product.productLocator.addToCart).click();\n  }\n});\ncy.get(product.productLocator.shoppingCart).click();\ncy.get(product.productLocator.cartList).find(product.productLocator.cartItem).each(($el, index, list) => {\n  const cartItemName = $el.find(product.productLocator.cartItemName).text();\n  if (cartItemName.includes(listOfProducts[4])) {\n    cy.wrap($el).find(product.productLocator.removeItem).click();\n  }\n});\n_productActionsCy.default.checkout();\n_productActionsCy.default.completeCheckoutDetails();\ncy.contains(listOfProducts[1]);\ncy.contains(listOfProducts[5]);\n_productActionsCy.default.completeThePurchase();\ncy.get(product.productLocator.orderConfirmation).invoke('text').then(text => {\n  expect(text).to.contain(\"THANK YOU FOR YOUR ORDER\");\n});",
              "err": {},
              "uuid": "8b25e404-2b4f-41b9-848c-c893e0c4baf0",
              "parentUUID": "0c103188-75bf-4d6f-9807-605167c13e79",
              "isHook": false,
              "skipped": false
            },
            {
              "title": "Try to purchase couple of items, review them, and go back for further shopping and do a checkout",
              "fullTitle": "Products, Purchase and Checkout Try to purchase couple of items, review them, and go back for further shopping and do a checkout",
              "timedOut": null,
              "duration": 2114,
              "state": "passed",
              "speed": "fast",
              "pass": true,
              "fail": false,
              "pending": false,
              "context": null,
              "code": "cy.get(product.productLocator.productList).find(product.productLocator.productItem).each($el => {\n  const productName = $el.find(product.productLocator.productName).text();\n  if (productName.includes(listOfProducts[2])) {\n    cy.wrap($el).find(product.productLocator.addToCart).click();\n  }\n  if (productName.includes(listOfProducts[4])) {\n    cy.wrap($el).find(product.productLocator.addToCart).click();\n  }\n});\n_productActionsCy.default.checkout();\n_productActionsCy.default.cancelCheckout();\n_productActionsCy.default.continueShopping();\ncy.get(product.productLocator.productList).find(product.productLocator.productItem).each($el => {\n  const productName = $el.find(product.productLocator.productName).text();\n  if (productName.includes(listOfProducts[1])) {\n    cy.wrap($el).find(product.productLocator.addToCart).click();\n  }\n});\n_productActionsCy.default.checkout();\n_productActionsCy.default.completeCheckoutDetails();\ncy.contains(listOfProducts[1]);\ncy.contains(listOfProducts[2]);\ncy.contains(listOfProducts[4]);\n_productActionsCy.default.completeThePurchase();\ncy.get(product.productLocator.orderConfirmation).invoke('text').then(text => {\n  expect(text).to.contain(\"THANK YOU FOR YOUR ORDER\");\n});",
              "err": {},
              "uuid": "8e7c40f7-fa5d-4efb-be86-4a9a602c25e3",
              "parentUUID": "0c103188-75bf-4d6f-9807-605167c13e79",
              "isHook": false,
              "skipped": false
            }
          ],
          "suites": [],
          "passes": [
            "85ac5b53-2f74-436f-958b-448aada84d67",
            "67c1cd3c-0bd8-4e59-aa37-70b1c5d5829e",
            "9be3e6c9-dd59-4102-b6a3-c09e0077b001",
            "4103f272-91ea-4084-b87f-b0d6ea5a94e5",
            "8b25e404-2b4f-41b9-848c-c893e0c4baf0",
            "8e7c40f7-fa5d-4efb-be86-4a9a602c25e3"
          ],
          "failures": [],
          "pending": [],
          "skipped": [],
          "duration": 9980,
          "root": false,
          "rootEmpty": false,
          "_timeout": 2000
        }
      ],
      "passes": [],
      "failures": [],
      "pending": [],
      "skipped": [],
      "duration": 0,
      "root": true,
      "rootEmpty": true,
      "_timeout": 2000
    }
  ],
  "meta": {
    "mocha": {
      "version": "7.0.1"
    },
    "mochawesome": {
      "options": {
        "quiet": false,
        "reportFilename": "mochawesome",
        "saveHtml": false,
        "saveJson": true,
        "consoleReporter": "spec",
        "useInlineDiffs": false
      },
      "version": "4.1.0"
    },
    "marge": {
      "options": {
        "id": "default",
        "reportDir": "cypress/reports/mocha",
        "quite": true,
        "overwrite": false,
        "html": false,
        "json": true
      },
      "version": "4.1.0"
    }
  }
}